<?xml version="1.0" encoding="UTF-8"?>
<!-- Generated by org.testng.reporters.JUnitReportReporter -->
<testsuite hostname="User-PC" name="com.kingautomation.salesforce.testcases.MenuTest" tests="1" failures="0" timestamp="7 Aug 2014 17:33:48 GMT" time="21.717" errors="0">
  <testcase name="topMenuTest" time="21.717" classname="com.kingautomation.salesforce.testcases.MenuTest"/>
</testsuite> <!-- com.kingautomation.salesforce.testcases.MenuTest -->
