<?xml version="1.0" encoding="UTF-8"?>
<!-- Generated by org.testng.reporters.JUnitReportReporter -->
<testsuite hostname="User-PC" name="com.kingautomation.salesforce.testcases.SliderTest" tests="1" failures="0" timestamp="7 Aug 2014 17:33:48 GMT" time="4.723" errors="0">
  <testcase name="FlexSliderTest" time="4.723" classname="com.kingautomation.salesforce.testcases.SliderTest"/>
</testsuite> <!-- com.kingautomation.salesforce.testcases.SliderTest -->
